Encountered an error in command `<bevy_ecs::system::commands::entity_command::insert<bevy_extended_ui::html::reload::CssDirty>::{{closure}} as bevy_ecs::error::command_handling::CommandWithEntity<core::result::Result<(), bevy_ecs::world::error::EntityMutableFetchError>>>::with_entity::{{closure}}`: The entity with ID 250v0 does not exist (enable `track_location` feature for more details)

    If you were attempting to apply a command to this entity,
    and want to handle this error gracefully, consider using `EntityCommands::queue_handled` or `queue_silenced`.
   1: <T as core::convert::Into<U>>::into
             at /home/exepta/.rustup/toolchains/nightly-2025-08-07-x86_64-unknown-linux-gnu/lib/rustlib/src/rust/library/core/src/convert/mod.rs:784:9
   2: <C as bevy_ecs::error::command_handling::HandleError<core::result::Result<T,E>>>::handle_error::{{closure}}
             at /home/exepta/.cargo/registry/src/index.crates.io-1949cf8c6b5b557f/bevy_ecs-0.17.3/src/error/command_handling.rs:48:21
   3: <F as bevy_ecs::system::commands::command::Command<Out>>::apply
             at /home/exepta/.cargo/registry/src/index.crates.io-1949cf8c6b5b557f/bevy_ecs-0.17.3/src/system/commands/command.rs:62:9
   4: bevy_ecs::world::command_queue::RawCommandQueue::push::{{closure}}
             at /home/exepta/.cargo/registry/src/index.crates.io-1949cf8c6b5b557f/bevy_ecs-0.17.3/src/world/command_queue.rs:194:33
   5: core::ops::function::FnOnce::call_once
             at /home/exepta/.rustup/toolchains/nightly-2025-08-07-x86_64-unknown-linux-gnu/lib/rustlib/src/rust/library/core/src/ops/function.rs:253:5
   6: bevy_ecs::world::command_queue::RawCommandQueue::apply_or_drop_queued::{{closure}}
             at /home/exepta/.cargo/registry/src/index.crates.io-1949cf8c6b5b557f/bevy_ecs-0.17.3/src/world/command_queue.rs:284:26
   7: <core::panic::unwind_safe::AssertUnwindSafe<F> as core::ops::function::FnOnce<()>>::call_once
             at /home/exepta/.rustup/toolchains/nightly-2025-08-07-x86_64-unknown-linux-gnu/lib/rustlib/src/rust/library/core/src/panic/unwind_safe.rs:272:9
   8: std::panicking::catch_unwind::do_call
             at /home/exepta/.rustup/toolchains/nightly-2025-08-07-x86_64-unknown-linux-gnu/lib/rustlib/src/rust/library/std/src/panicking.rs:589:40
   9: __rust_try
  10: std::panicking::catch_unwind
             at /home/exepta/.rustup/toolchains/nightly-2025-08-07-x86_64-unknown-linux-gnu/lib/rustlib/src/rust/library/std/src/panicking.rs:552:19
  11: std::panic::catch_unwind
             at /home/exepta/.rustup/toolchains/nightly-2025-08-07-x86_64-unknown-linux-gnu/lib/rustlib/src/rust/library/std/src/panic.rs:359:14
  12: bevy_ecs::world::command_queue::RawCommandQueue::apply_or_drop_queued
             at /home/exepta/.cargo/registry/src/index.crates.io-1949cf8c6b5b557f/bevy_ecs-0.17.3/src/world/command_queue.rs:289:30
  13: bevy_ecs::world::command_queue::CommandQueue::apply
             at /home/exepta/.cargo/registry/src/index.crates.io-1949cf8c6b5b557f/bevy_ecs-0.17.3/src/world/command_queue.rs:115:28
  14: <bevy_ecs::world::command_queue::CommandQueue as bevy_ecs::system::system_param::SystemBuffer>::apply
             at /home/exepta/.cargo/registry/src/index.crates.io-1949cf8c6b5b557f/bevy_ecs-0.17.3/src/world/command_queue.rs:350:14
  15: <bevy_ecs::system::system_param::Deferred<T> as bevy_ecs::system::system_param::SystemParam>::apply
             at /home/exepta/.cargo/registry/src/index.crates.io-1949cf8c6b5b557f/bevy_ecs-0.17.3/src/system/system_param.rs:1300:21
  16: <(P0,P1) as bevy_ecs::system::system_param::SystemParam>::apply
             at /home/exepta/.cargo/registry/src/index.crates.io-1949cf8c6b5b557f/bevy_ecs-0.17.3/src/system/system_param.rs:2134:19
  17: bevy_ecs::system::commands::_::<impl bevy_ecs::system::system_param::SystemParam for bevy_ecs::system::commands::Commands>::apply
             at /home/exepta/.cargo/registry/src/index.crates.io-1949cf8c6b5b557f/bevy_ecs-0.17.3/src/system/commands/mod.rs:152:13
  18: <(P0,P1,P2) as bevy_ecs::system::system_param::SystemParam>::apply
             at /home/exepta/.cargo/registry/src/index.crates.io-1949cf8c6b5b557f/bevy_ecs-0.17.3/src/system/system_param.rs:2134:19
  19: <bevy_ecs::system::function_system::FunctionSystem<Marker,Out,F> as bevy_ecs::system::system::System>::apply_deferred
             at /home/exepta/.cargo/registry/src/index.crates.io-1949cf8c6b5b557f/bevy_ecs-0.17.3/src/system/function_system.rs:730:9
  20: bevy_ecs::schedule::executor::multi_threaded::apply_deferred::{{closure}}
             at /home/exepta/.cargo/registry/src/index.crates.io-1949cf8c6b5b557f/bevy_ecs-0.17.3/src/schedule/executor/multi_threaded.rs:809:20
  21: core::ops::function::FnOnce::call_once
             at /home/exepta/.rustup/toolchains/nightly-2025-08-07-x86_64-unknown-linux-gnu/lib/rustlib/src/rust/library/core/src/ops/function.rs:253:5
  22: <core::panic::unwind_safe::AssertUnwindSafe<F> as core::ops::function::FnOnce<()>>::call_once
             at /home/exepta/.rustup/toolchains/nightly-2025-08-07-x86_64-unknown-linux-gnu/lib/rustlib/src/rust/library/core/src/panic/unwind_safe.rs:272:9
  23: std::panicking::catch_unwind::do_call
             at /home/exepta/.rustup/toolchains/nightly-2025-08-07-x86_64-unknown-linux-gnu/lib/rustlib/src/rust/library/std/src/panicking.rs:589:40
  24: __rust_try
  25: std::panicking::catch_unwind
             at /home/exepta/.rustup/toolchains/nightly-2025-08-07-x86_64-unknown-linux-gnu/lib/rustlib/src/rust/library/std/src/panicking.rs:552:19
  26: std::panic::catch_unwind
             at /home/exepta/.rustup/toolchains/nightly-2025-08-07-x86_64-unknown-linux-gnu/lib/rustlib/src/rust/library/std/src/panic.rs:359:14
  27: bevy_ecs::schedule::executor::multi_threaded::apply_deferred
             at /home/exepta/.cargo/registry/src/index.crates.io-1949cf8c6b5b557f/bevy_ecs-0.17.3/src/schedule/executor/multi_threaded.rs:808:19
  28: bevy_ecs::schedule::executor::multi_threaded::ExecutorState::spawn_exclusive_system_task::{{closure}}
             at /home/exepta/.cargo/registry/src/index.crates.io-1949cf8c6b5b557f/bevy_ecs-0.17.3/src/schedule/executor/multi_threaded.rs:730:27
  29: <core::panic::unwind_safe::AssertUnwindSafe<F> as core::future::future::Future>::poll
             at /home/exepta/.rustup/toolchains/nightly-2025-08-07-x86_64-unknown-linux-gnu/lib/rustlib/src/rust/library/core/src/panic/unwind_safe.rs:297:9
  30: <futures_lite::future::CatchUnwind<F> as core::future::future::Future>::poll::{{closure}}
             at /home/exepta/.cargo/registry/src/index.crates.io-1949cf8c6b5b557f/futures-lite-2.6.0/src/future.rs:656:53
  31: <core::panic::unwind_safe::AssertUnwindSafe<F> as core::ops::function::FnOnce<()>>::call_once
             at /home/exepta/.rustup/toolchains/nightly-2025-08-07-x86_64-unknown-linux-gnu/lib/rustlib/src/rust/library/core/src/panic/unwind_safe.rs:272:9
  32: std::panicking::catch_unwind::do_call
             at /home/exepta/.rustup/toolchains/nightly-2025-08-07-x86_64-unknown-linux-gnu/lib/rustlib/src/rust/library/std/src/panicking.rs:589:40
  33: __rust_try
  34: std::panicking::catch_unwind
             at /home/exepta/.rustup/toolchains/nightly-2025-08-07-x86_64-unknown-linux-gnu/lib/rustlib/src/rust/library/std/src/panicking.rs:552:19
  35: std::panic::catch_unwind
             at /home/exepta/.rustup/toolchains/nightly-2025-08-07-x86_64-unknown-linux-gnu/lib/rustlib/src/rust/library/std/src/panic.rs:359:14
  36: <futures_lite::future::CatchUnwind<F> as core::future::future::Future>::poll
             at /home/exepta/.cargo/registry/src/index.crates.io-1949cf8c6b5b557f/futures-lite-2.6.0/src/future.rs:656:9
  37: <async_executor::AsyncCallOnDrop<Fut,Cleanup> as core::future::future::Future>::poll
             at /home/exepta/.cargo/registry/src/index.crates.io-1949cf8c6b5b557f/async-executor-1.13.2/src/lib.rs:1179:31
  38: async_task::raw::RawTask<F,T,S,M>::run::{{closure}}
             at /home/exepta/.cargo/registry/src/index.crates.io-1949cf8c6b5b557f/async-task-4.7.1/src/raw.rs:550:21
  39: core::ops::function::FnOnce::call_once
             at /home/exepta/.rustup/toolchains/nightly-2025-08-07-x86_64-unknown-linux-gnu/lib/rustlib/src/rust/library/core/src/ops/function.rs:253:5
  40: <core::panic::unwind_safe::AssertUnwindSafe<F> as core::ops::function::FnOnce<()>>::call_once
             at /home/exepta/.rustup/toolchains/nightly-2025-08-07-x86_64-unknown-linux-gnu/lib/rustlib/src/rust/library/core/src/panic/unwind_safe.rs:272:9
  41: std::panicking::catch_unwind::do_call
             at /home/exepta/.rustup/toolchains/nightly-2025-08-07-x86_64-unknown-linux-gnu/lib/rustlib/src/rust/library/std/src/panicking.rs:589:40
  42: __rust_try
  43: std::panicking::catch_unwind
             at /home/exepta/.rustup/toolchains/nightly-2025-08-07-x86_64-unknown-linux-gnu/lib/rustlib/src/rust/library/std/src/panicking.rs:552:19
  44: std::panic::catch_unwind
             at /home/exepta/.rustup/toolchains/nightly-2025-08-07-x86_64-unknown-linux-gnu/lib/rustlib/src/rust/library/std/src/panic.rs:359:14
  45: async_task::raw::RawTask<F,T,S,M>::run
             at /home/exepta/.cargo/registry/src/index.crates.io-1949cf8c6b5b557f/async-task-4.7.1/src/raw.rs:549:23
  46: async_task::runnable::Runnable<M>::run
             at /home/exepta/.cargo/registry/src/index.crates.io-1949cf8c6b5b557f/async-task-4.7.1/src/runnable.rs:781:18
  47: async_executor::State::tick::{{closure}}
             at /home/exepta/.cargo/registry/src/index.crates.io-1949cf8c6b5b557f/async-executor-1.13.2/src/lib.rs:733:18
  48: async_executor::Executor::tick::{{closure}}
             at /home/exepta/.cargo/registry/src/index.crates.io-1949cf8c6b5b557f/async-executor-1.13.2/src/lib.rs:324:29
  49: bevy_tasks::thread_executor::ThreadExecutorTicker::tick::{{closure}}
             at /home/exepta/.cargo/registry/src/index.crates.io-1949cf8c6b5b557f/bevy_tasks-0.17.3/src/thread_executor.rs:105:39
  50: bevy_tasks::task_pool::TaskPool::execute_scope::{{closure}}::{{closure}}::{{closure}}
             at /home/exepta/.cargo/registry/src/index.crates.io-1949cf8c6b5b557f/bevy_tasks-0.17.3/src/task_pool.rs:542:45
  51: <core::panic::unwind_safe::AssertUnwindSafe<F> as core::future::future::Future>::poll
             at /home/exepta/.rustup/toolchains/nightly-2025-08-07-x86_64-unknown-linux-gnu/lib/rustlib/src/rust/library/core/src/panic/unwind_safe.rs:297:9
  52: <futures_lite::future::CatchUnwind<F> as core::future::future::Future>::poll::{{closure}}
             at /home/exepta/.cargo/registry/src/index.crates.io-1949cf8c6b5b557f/futures-lite-2.6.0/src/future.rs:656:53
  53: <core::panic::unwind_safe::AssertUnwindSafe<F> as core::ops::function::FnOnce<()>>::call_once
             at /home/exepta/.rustup/toolchains/nightly-2025-08-07-x86_64-unknown-linux-gnu/lib/rustlib/src/rust/library/core/src/panic/unwind_safe.rs:272:9
  54: std::panicking::catch_unwind::do_call
             at /home/exepta/.rustup/toolchains/nightly-2025-08-07-x86_64-unknown-linux-gnu/lib/rustlib/src/rust/library/std/src/panicking.rs:589:40
  55: __rust_try
  56: std::panicking::catch_unwind
             at /home/exepta/.rustup/toolchains/nightly-2025-08-07-x86_64-unknown-linux-gnu/lib/rustlib/src/rust/library/std/src/panicking.rs:552:19
  57: std::panic::catch_unwind
             at /home/exepta/.rustup/toolchains/nightly-2025-08-07-x86_64-unknown-linux-gnu/lib/rustlib/src/rust/library/std/src/panic.rs:359:14
  58: <futures_lite::future::CatchUnwind<F> as core::future::future::Future>::poll
             at /home/exepta/.cargo/registry/src/index.crates.io-1949cf8c6b5b557f/futures-lite-2.6.0/src/future.rs:656:9
  59: bevy_tasks::task_pool::TaskPool::execute_scope::{{closure}}::{{closure}}
             at /home/exepta/.cargo/registry/src/index.crates.io-1949cf8c6b5b557f/bevy_tasks-0.17.3/src/task_pool.rs:545:77
  60: <futures_lite::future::Or<F1,F2> as core::future::future::Future>::poll
             at /home/exepta/.cargo/registry/src/index.crates.io-1949cf8c6b5b557f/futures-lite-2.6.0/src/future.rs:457:46
  61: bevy_tasks::task_pool::TaskPool::execute_scope::{{closure}}
             at /home/exepta/.cargo/registry/src/index.crates.io-1949cf8c6b5b557f/bevy_tasks-0.17.3/src/task_pool.rs:548:41
  62: bevy_tasks::task_pool::TaskPool::scope_with_executor_inner::{{closure}}
             at /home/exepta/.cargo/registry/src/index.crates.io-1949cf8c6b5b557f/bevy_tasks-0.17.3/src/task_pool.rs:459:85
  63: futures_lite::future::block_on::{{closure}}
             at /home/exepta/.cargo/registry/src/index.crates.io-1949cf8c6b5b557f/futures-lite-2.6.0/src/future.rs:99:35
  64: std::thread::local::LocalKey<T>::try_with
             at /home/exepta/.rustup/toolchains/nightly-2025-08-07-x86_64-unknown-linux-gnu/lib/rustlib/src/rust/library/std/src/thread/local.rs:315:12
  65: std::thread::local::LocalKey<T>::with
             at /home/exepta/.rustup/toolchains/nightly-2025-08-07-x86_64-unknown-linux-gnu/lib/rustlib/src/rust/library/std/src/thread/local.rs:279:20
  66: futures_lite::future::block_on
             at /home/exepta/.cargo/registry/src/index.crates.io-1949cf8c6b5b557f/futures-lite-2.6.0/src/future.rs:78:11
  67: bevy_tasks::task_pool::TaskPool::scope_with_executor_inner
             at /home/exepta/.cargo/registry/src/index.crates.io-1949cf8c6b5b557f/bevy_tasks-0.17.3/src/task_pool.rs:413:13
  68: bevy_tasks::task_pool::TaskPool::scope_with_executor::{{closure}}
             at /home/exepta/.cargo/registry/src/index.crates.io-1949cf8c6b5b557f/bevy_tasks-0.17.3/src/task_pool.rs:343:22
  69: std::thread::local::LocalKey<T>::try_with
             at /home/exepta/.rustup/toolchains/nightly-2025-08-07-x86_64-unknown-linux-gnu/lib/rustlib/src/rust/library/std/src/thread/local.rs:315:12
  70: std::thread::local::LocalKey<T>::with
             at /home/exepta/.rustup/toolchains/nightly-2025-08-07-x86_64-unknown-linux-gnu/lib/rustlib/src/rust/library/std/src/thread/local.rs:279:20
  71: bevy_tasks::task_pool::TaskPool::scope_with_executor
             at /home/exepta/.cargo/registry/src/index.crates.io-1949cf8c6b5b557f/bevy_tasks-0.17.3/src/task_pool.rs:339:31
  72: <bevy_ecs::schedule::executor::multi_threaded::MultiThreadedExecutor as bevy_ecs::schedule::executor::SystemExecutor>::run
             at /home/exepta/.cargo/registry/src/index.crates.io-1949cf8c6b5b557f/bevy_ecs-0.17.3/src/schedule/executor/multi_threaded.rs:279:57
  73: bevy_ecs::schedule::schedule::Schedule::run
             at /home/exepta/.cargo/registry/src/index.crates.io-1949cf8c6b5b557f/bevy_ecs-0.17.3/src/schedule/schedule.rs:493:14
  74: bevy_ecs::world::World::try_run_schedule::{{closure}}
             at /home/exepta/.cargo/registry/src/index.crates.io-1949cf8c6b5b557f/bevy_ecs-0.17.3/src/world/mod.rs:3600:61
  75: bevy_ecs::world::World::try_schedule_scope
             at /home/exepta/.cargo/registry/src/index.crates.io-1949cf8c6b5b557f/bevy_ecs-0.17.3/src/world/mod.rs:3533:21
  76: bevy_ecs::world::World::try_run_schedule
             at /home/exepta/.cargo/registry/src/index.crates.io-1949cf8c6b5b557f/bevy_ecs-0.17.3/src/world/mod.rs:3600:14
  77: bevy_app::main_schedule::Main::run_main::{{closure}}
             at /home/exepta/.cargo/registry/src/index.crates.io-1949cf8c6b5b557f/bevy_app-0.17.3/src/main_schedule.rs:296:31
  78: bevy_ecs::world::World::try_resource_scope
             at /home/exepta/.cargo/registry/src/index.crates.io-1949cf8c6b5b557f/bevy_ecs-0.17.3/src/world/mod.rs:2626:22
  79: bevy_ecs::world::World::resource_scope
             at /home/exepta/.cargo/registry/src/index.crates.io-1949cf8c6b5b557f/bevy_ecs-0.17.3/src/world/mod.rs:2589:14
  80: bevy_app::main_schedule::Main::run_main
             at /home/exepta/.cargo/registry/src/index.crates.io-1949cf8c6b5b557f/bevy_app-0.17.3/src/main_schedule.rs:294:15
  81: core::ops::function::FnMut::call_mut
             at /home/exepta/.rustup/toolchains/nightly-2025-08-07-x86_64-unknown-linux-gnu/lib/rustlib/src/rust/library/core/src/ops/function.rs:168:5
  82: core::ops::function::impls::<impl core::ops::function::FnMut<A> for &mut F>::call_mut
             at /home/exepta/.rustup/toolchains/nightly-2025-08-07-x86_64-unknown-linux-gnu/lib/rustlib/src/rust/library/core/src/ops/function.rs:301:21
  83: <Func as bevy_ecs::system::exclusive_function_system::ExclusiveSystemParamFunction<fn(F0) .> Out>>::run::call_inner
             at /home/exepta/.cargo/registry/src/index.crates.io-1949cf8c6b5b557f/bevy_ecs-0.17.3/src/system/exclusive_function_system.rs:270:21
  84: <Func as bevy_ecs::system::exclusive_function_system::ExclusiveSystemParamFunction<fn(F0) .> Out>>::run
             at /home/exepta/.cargo/registry/src/index.crates.io-1949cf8c6b5b557f/bevy_ecs-0.17.3/src/system/exclusive_function_system.rs:273:17
  85: <bevy_ecs::system::exclusive_function_system::ExclusiveFunctionSystem<Marker,Out,F> as bevy_ecs::system::system::System>::run_unsafe::{{closure}}
             at /home/exepta/.cargo/registry/src/index.crates.io-1949cf8c6b5b557f/bevy_ecs-0.17.3/src/system/exclusive_function_system.rs:135:33
  86: bevy_ecs::world::World::last_change_tick_scope
             at /home/exepta/.cargo/registry/src/index.crates.io-1949cf8c6b5b557f/bevy_ecs-0.17.3/src/world/mod.rs:3009:9
  87: <bevy_ecs::system::exclusive_function_system::ExclusiveFunctionSystem<Marker,Out,F> as bevy_ecs::system::system::System>::run_unsafe
             at /home/exepta/.cargo/registry/src/index.crates.io-1949cf8c6b5b557f/bevy_ecs-0.17.3/src/system/exclusive_function_system.rs:113:15
  88: bevy_ecs::system::system::System::run_without_applying_deferred
             at /home/exepta/.cargo/registry/src/index.crates.io-1949cf8c6b5b557f/bevy_ecs-0.17.3/src/system/system.rs:139:23
note: Some "noisy" backtrace lines have been filtered out. Run with `BEVY_BACKTRACE=full` for a verbose backtrace.

Encountered a panic when applying buffers for system `bevy_extended_ui::html::reload::mark_css_users_dirty_on_css_change`!
Encountered a panic in system `bevy_ecs::apply_deferred`!
2025-12-21T01:39:33.956652Z  WARN bevy_ecs::world::command_queue: CommandQueue has un-applied commands being dropped. Did you forget to call SystemState::apply?
Encountered a panic in system `bevy_app::main_schedule::Main::run_main`!
